<?xml version="1.0" encoding="UTF-8"?>
<testsuite xmlns:xsi="http://www.w3.org/2001/XMLSchema-instance" xsi:noNamespaceSchemaLocation="https://maven.apache.org/surefire/maven-surefire-plugin/xsd/surefire-test-report.xsd" name="ucl.ac.uk.ibmpsmwithwatson.service.AssistantServiceTest" time="23.735" tests="1" errors="1" skipped="0" failures="0">
  <properties>
[...]
</properties>
  <testcase name="getResponse" classname="ucl.ac.uk.ibmpsmwithwatson.service.AssistantServiceTest" time="12.127">
    <error message="I/O error on POST request for &quot;http://43.157.89.132:18080/graph/mygraph/query&quot;: connect timed out; nested exception is java.net.SocketTimeoutException: connect timed out" type="org.springframework.web.client.ResourceAccessException">org.springframework.web.client.ResourceAccessException: I/O error on POST request for "http://43.157.89.132:18080/graph/mygraph/query": connect timed out; nested exception is java.net.SocketTimeoutException: connect timed out
	at ucl.ac.uk.ibmpsmwithwatson.service.AssistantServiceTest.getResponse(AssistantServiceTest.java:18)
Caused by: java.net.SocketTimeoutException: connect timed out
	at ucl.ac.uk.ibmpsmwithwatson.service.AssistantServiceTest.getResponse(AssistantServiceTest.java:18)
</error>
    <system-out><![CDATA[19:21:50.003 [main] DEBUG org.springframework.test.context.BootstrapUtils - Instantiating CacheAwareContextLoaderDelegate from class [org.springframework.test.context.cache.DefaultCacheAwareContextLoaderDelegate]
19:21:50.030 [main] DEBUG org.springframework.test.context.BootstrapUtils - Instantiating BootstrapContext using constructor [public org.springframework.test.context.support.DefaultBootstrapContext(java.lang.Class,org.springframework.test.context.CacheAwareContextLoaderDelegate)]
19:21:50.124 [main] DEBUG org.springframework.test.context.BootstrapUtils - Instantiating TestContextBootstrapper for test class [ucl.ac.uk.ibmpsmwithwatson.service.AssistantServiceTest] from class [org.springframework.boot.test.context.SpringBootTestContextBootstrapper]
19:21:50.153 [main] INFO org.springframework.boot.test.context.SpringBootTestContextBootstrapper - Neither @ContextConfiguration nor @ContextHierarchy found for test class [ucl.ac.uk.ibmpsmwithwatson.service.AssistantServiceTest], using SpringBootContextLoader
19:21:50.165 [main] DEBUG org.springframework.test.context.support.AbstractContextLoader - Did not detect default resource location for test class [ucl.ac.uk.ibmpsmwithwatson.service.AssistantServiceTest]: class path resource [ucl/ac/uk/ibmpsmwithwatson/service/AssistantServiceTest-context.xml] does not exist
19:21:50.166 [main] DEBUG org.springframework.test.context.support.AbstractContextLoader - Did not detect default resource location for test class [ucl.ac.uk.ibmpsmwithwatson.service.AssistantServiceTest]: class path resource [ucl/ac/uk/ibmpsmwithwatson/service/AssistantServiceTestContext.groovy] does not exist
19:21:50.167 [main] INFO org.springframework.test.context.support.AbstractContextLoader - Could not detect default resource locations for test class [ucl.ac.uk.ibmpsmwithwatson.service.AssistantServiceTest]: no resource found for suffixes {-context.xml, Context.groovy}.
19:21:50.169 [main] INFO org.springframework.test.context.support.AnnotationConfigContextLoaderUtils - Could not detect default configuration classes for test class [ucl.ac.uk.ibmpsmwithwatson.service.AssistantServiceTest]: AssistantServiceTest does not declare any static, non-private, non-final, nested classes annotated with @Configuration.
19:21:50.295 [main] DEBUG org.springframework.test.context.support.ActiveProfilesUtils - Could not find an 'annotation declaring class' for annotation type [org.springframework.test.context.ActiveProfiles] and class [ucl.ac.uk.ibmpsmwithwatson.service.AssistantServiceTest]
19:21:50.507 [main] DEBUG org.springframework.context.annotation.ClassPathScanningCandidateComponentProvider - Identified candidate component class: file [F:\UCL_CS\4\COMP0138\ibm-psm-with-watson\springboot\target\classes\ucl\ac\uk\ibmpsmwithwatson\IbmPsmWithWatsonApplication.class]
19:21:50.509 [main] INFO org.springframework.boot.test.context.SpringBootTestContextBootstrapper - Found @SpringBootConfiguration ucl.ac.uk.ibmpsmwithwatson.IbmPsmWithWatsonApplication for test class ucl.ac.uk.ibmpsmwithwatson.service.AssistantServiceTest
19:21:50.758 [main] DEBUG org.springframework.boot.test.context.SpringBootTestContextBootstrapper - @TestExecutionListeners is not present for class [ucl.ac.uk.ibmpsmwithwatson.service.AssistantServiceTest]: using defaults.
19:21:50.759 [main] INFO org.springframework.boot.test.context.SpringBootTestContextBootstrapper - Loaded default TestExecutionListener class names from location [META-INF/spring.factories]: [org.springframework.boot.test.mock.mockito.MockitoTestExecutionListener, org.springframework.boot.test.mock.mockito.ResetMocksTestExecutionListener, org.springframework.boot.test.autoconfigure.restdocs.RestDocsTestExecutionListener, org.springframework.boot.test.autoconfigure.web.client.MockRestServiceServerResetTestExecutionListener, org.springframework.boot.test.autoconfigure.web.servlet.MockMvcPrintOnlyOnFailureTestExecutionListener, org.springframework.boot.test.autoconfigure.web.servlet.WebDriverTestExecutionListener, org.springframework.boot.test.autoconfigure.webservices.client.MockWebServiceServerTestExecutionListener, org.springframework.test.context.web.ServletTestExecutionListener, org.springframework.test.context.support.DirtiesContextBeforeModesTestExecutionListener, org.springframework.test.context.event.ApplicationEventsTestExecutionListener, org.springframework.test.context.support.DependencyInjectionTestExecutionListener, org.springframework.test.context.support.DirtiesContextTestExecutionListener, org.springframework.test.context.transaction.TransactionalTestExecutionListener, org.springframework.test.context.jdbc.SqlScriptsTestExecutionListener, org.springframework.test.context.event.EventPublishingTestExecutionListener]
19:21:50.787 [main] DEBUG org.springframework.boot.test.context.SpringBootTestContextBootstrapper - Skipping candidate TestExecutionListener [org.springframework.test.context.transaction.TransactionalTestExecutionListener] due to a missing dependency. Specify custom listener classes or make the default listener classes and their required dependencies available. Offending class: [org/springframework/transaction/interceptor/TransactionAttributeSource]
19:21:50.788 [main] DEBUG org.springframework.boot.test.context.SpringBootTestContextBootstrapper - Skipping candidate TestExecutionListener [org.springframework.test.context.jdbc.SqlScriptsTestExecutionListener] due to a missing dependency. Specify custom listener classes or make the default listener classes and their required dependencies available. Offending class: [org/springframework/transaction/interceptor/TransactionAttribute]
19:21:50.789 [main] INFO org.springframework.boot.test.context.SpringBootTestContextBootstrapper - Using TestExecutionListeners: [org.springframework.test.context.web.ServletTestExecutionListener@4c163e3, org.springframework.test.context.support.DirtiesContextBeforeModesTestExecutionListener@4a8355dd, org.springframework.test.context.event.ApplicationEventsTestExecutionListener@4d0d9fe7, org.springframework.boot.test.mock.mockito.MockitoTestExecutionListener@c430e6c, org.springframework.boot.test.autoconfigure.SpringBootDependencyInjectionTestExecutionListener@312aa7c, org.springframework.test.context.support.DirtiesContextTestExecutionListener@536f2a7e, org.springframework.test.context.event.EventPublishingTestExecutionListener@72bc6553, org.springframework.boot.test.mock.mockito.ResetMocksTestExecutionListener@66982506, org.springframework.boot.test.autoconfigure.restdocs.RestDocsTestExecutionListener@70cf32e3, org.springframework.boot.test.autoconfigure.web.client.MockRestServiceServerResetTestExecutionListener@5a59ca5e, org.springframework.boot.test.autoconfigure.web.servlet.MockMvcPrintOnlyOnFailureTestExecutionListener@4bdeaabb, org.springframework.boot.test.autoconfigure.web.servlet.WebDriverTestExecutionListener@6c4906d3, org.springframework.boot.test.autoconfigure.webservices.client.MockWebServiceServerTestExecutionListener@65987993]
19:21:50.798 [main] DEBUG org.springframework.test.context.support.AbstractDirtiesContextTestExecutionListener - Before test class: context [DefaultTestContext@2ab4bc72 testClass = AssistantServiceTest, testInstance = [null], testMethod = [null], testException = [null], mergedContextConfiguration = [WebMergedContextConfiguration@4e5ed836 testClass = AssistantServiceTest, locations = '{}', classes = '{class ucl.ac.uk.ibmpsmwithwatson.IbmPsmWithWatsonApplication}', contextInitializerClasses = '[]', activeProfiles = '{}', propertySourceLocations = '{}', propertySourceProperties = '{org.springframework.boot.test.context.SpringBootTestContextBootstrapper=true}', contextCustomizers = set[org.springframework.boot.test.context.filter.ExcludeFilterContextCustomizer@747ddf94, org.springframework.boot.test.json.DuplicateJsonObjectContextCustomizerFactory$DuplicateJsonObjectContextCustomizer@6cf0e0ba, org.springframework.boot.test.mock.mockito.MockitoContextCustomizer@0, org.springframework.boot.test.web.client.TestRestTemplateContextCustomizer@5c6648b0, org.springframework.boot.test.autoconfigure.actuate.metrics.MetricsExportContextCustomizerFactory$DisableMetricExportContextCustomizer@368f2016, org.springframework.boot.test.autoconfigure.properties.PropertyMappingContextCustomizer@0, org.springframework.boot.test.autoconfigure.web.servlet.WebDriverContextCustomizerFactory$Customizer@5fe94a96, org.springframework.boot.test.context.SpringBootTestArgs@1, org.springframework.boot.test.context.SpringBootTestWebEnvironment@553f17c], resourceBasePath = 'src/main/webapp', contextLoader = 'org.springframework.boot.test.context.SpringBootContextLoader', parent = [null]], attributes = map['org.springframework.test.context.web.ServletTestExecutionListener.activateListener' -> true]], class annotated with @DirtiesContext [false] with mode [null].

  .   ____          _            __ _ _
 /\\ / ___'_ __ _ _(_)_ __  __ _ \ \ \ \
( ( )\___ | '_ | '_| | '_ \/ _` | \ \ \ \
 \\/  ___)| |_)| | | | | || (_| |  ) ) ) )
  '  |____| .__|_| |_|_| |_\__, | / / / /
 =========|_|==============|___/=/_/_/_/
 :: Spring Boot ::                (v2.7.1)

2023-04-23 19:21:51.659  INFO 21264 --- [           main] u.a.u.i.service.AssistantServiceTest     : Starting AssistantServiceTest using Java 1.8.0_322 on DESKTOP-P20IVTD with PID 21264 (started by Kchiyoh in F:\UCL_CS\4\COMP0138\ibm-psm-with-watson\springboot)
2023-04-23 19:21:51.662  INFO 21264 --- [           main] u.a.u.i.service.AssistantServiceTest     : No active profile set, falling back to 1 default profile: "default"
2023-04-23 19:22:01.430  INFO 21264 --- [           main] u.a.u.i.service.AssistantServiceTest     : Started AssistantServiceTest in 10.53 seconds (JVM running for 13.162)
]]></system-out>
  </testcase>
</testsuite>